<?xml version="1.0" encoding="UTF-8"?>
<robot generator="Robot 6.0.2 (Python 3.11.2 on linux)" generated="20230409 15:06:50.931" rpa="false" schemaversion="3">
<suite id="s1" name="Test Cases" source="/home/koinworks/Personal/project/automation-robot-framework/src/test_cases">
<suite id="s1-s1" name="Login Correct Creds" source="/home/koinworks/Personal/project/automation-robot-framework/src/test_cases/login_correct_creds.robot">
<test id="s1-s1-t1" name="Verify Successful Login to Facebook Lite" line="11">
<kw name="Open Test Application" library="login_page">
<kw name="Open Application">
<arg>${REMOTE_URL}</arg>
<arg>deviceName=${DEVICE_NAME}</arg>
<arg>platformName=${PLATFORM_NAME}</arg>
<arg>appPackage=${PACKAGE_NAME}</arg>
<arg>appActivity=${APP_ACTIVITY}</arg>
<arg>automationName=${ANDROID_AUTOMATION_NAME}</arg>
<arg>app=${APP_LOCATION}</arg>
<msg timestamp="20230409 15:06:50.950" level="FAIL">No keyword with name 'Open Application' found. Did you mean:
    login_page.Open Test Application</msg>
<status status="FAIL" starttime="20230409 15:06:50.950" endtime="20230409 15:06:50.950"/>
</kw>
<status status="FAIL" starttime="20230409 15:06:50.949" endtime="20230409 15:06:50.950"/>
</kw>
<kw name="Wait Until Element Is Visible">
<arg>com.android.permissioncontroller:id/content_container</arg>
<status status="NOT RUN" starttime="20230409 15:06:50.952" endtime="20230409 15:06:50.952"/>
</kw>
<kw name="Auto Grant" library="login_page">
<status status="NOT RUN" starttime="20230409 15:06:50.952" endtime="20230409 15:06:50.952"/>
</kw>
<kw name="Input Text">
<arg>${USERNAME_FIELD}</arg>
<arg>${USERNAME}</arg>
<status status="NOT RUN" starttime="20230409 15:06:50.953" endtime="20230409 15:06:50.953"/>
</kw>
<kw name="Input Text">
<arg>${PASSWORD_FIELD}</arg>
<arg>${PASSWORD}</arg>
<status status="NOT RUN" starttime="20230409 15:06:50.954" endtime="20230409 15:06:50.954"/>
</kw>
<kw name="Click Login Button" library="login_page">
<status status="NOT RUN" starttime="20230409 15:06:50.954" endtime="20230409 15:06:50.954"/>
</kw>
<kw name="Save Login Info Page Visible" library="login_page">
<status status="NOT RUN" starttime="20230409 15:06:50.954" endtime="20230409 15:06:50.954"/>
</kw>
<kw name="Sleep" library="BuiltIn">
<arg>5</arg>
<doc>Pauses the test executed for the given time.</doc>
<status status="NOT RUN" starttime="20230409 15:06:50.954" endtime="20230409 15:06:50.954"/>
</kw>
<kw name="Attempt Not Save Login Creds" library="login_page">
<status status="NOT RUN" starttime="20230409 15:06:50.954" endtime="20230409 15:06:50.954"/>
</kw>
<status status="FAIL" starttime="20230409 15:06:50.948" endtime="20230409 15:06:50.955">No keyword with name 'Open Application' found. Did you mean:
    login_page.Open Test Application</status>
</test>
<doc>Page Object in Robot Framework</doc>
<status status="FAIL" starttime="20230409 15:06:50.944" endtime="20230409 15:06:50.955"/>
</suite>
<suite id="s1-s2" name="Login Incorrect Creds" source="/home/koinworks/Personal/project/automation-robot-framework/src/test_cases/login_incorrect_creds.robot">
<test id="s1-s2-t1" name="Verify Incorrect Login to Facebook Lite" line="11">
<kw name="Open Test Application" library="login_page">
<kw name="Open Application">
<arg>${REMOTE_URL}</arg>
<arg>deviceName=${DEVICE_NAME}</arg>
<arg>platformName=${PLATFORM_NAME}</arg>
<arg>appPackage=${PACKAGE_NAME}</arg>
<arg>appActivity=${APP_ACTIVITY}</arg>
<arg>automationName=${ANDROID_AUTOMATION_NAME}</arg>
<arg>app=${APP_LOCATION}</arg>
<msg timestamp="20230409 15:06:50.959" level="FAIL">No keyword with name 'Open Application' found. Did you mean:
    login_page.Open Test Application</msg>
<status status="FAIL" starttime="20230409 15:06:50.959" endtime="20230409 15:06:50.959"/>
</kw>
<status status="FAIL" starttime="20230409 15:06:50.958" endtime="20230409 15:06:50.959"/>
</kw>
<kw name="Wait Until Element Is Visible">
<arg>com.android.permissioncontroller:id/content_container</arg>
<status status="NOT RUN" starttime="20230409 15:06:50.960" endtime="20230409 15:06:50.960"/>
</kw>
<kw name="Auto Grant" library="login_page">
<status status="NOT RUN" starttime="20230409 15:06:50.960" endtime="20230409 15:06:50.960"/>
</kw>
<kw name="Input Text">
<arg>${USERNAME_FIELD}</arg>
<arg>${USERNAME}</arg>
<status status="NOT RUN" starttime="20230409 15:06:50.962" endtime="20230409 15:06:50.962"/>
</kw>
<kw name="Input Text">
<arg>${PASSWORD_FIELD}</arg>
<arg>${PASSWORD}</arg>
<status status="NOT RUN" starttime="20230409 15:06:50.963" endtime="20230409 15:06:50.963"/>
</kw>
<kw name="Click Login Button" library="login_page">
<status status="NOT RUN" starttime="20230409 15:06:50.963" endtime="20230409 15:06:50.963"/>
</kw>
<kw name="Sleep" library="BuiltIn">
<arg>5</arg>
<doc>Pauses the test executed for the given time.</doc>
<status status="NOT RUN" starttime="20230409 15:06:50.963" endtime="20230409 15:06:50.963"/>
</kw>
<kw name="Auto Grant" library="login_page">
<status status="NOT RUN" starttime="20230409 15:06:50.963" endtime="20230409 15:06:50.963"/>
</kw>
<kw name="Wait Until Element Is Visible">
<arg>${POPUP_WRONG_PWD}</arg>
<status status="NOT RUN" starttime="20230409 15:06:50.964" endtime="20230409 15:06:50.964"/>
</kw>
<kw name="Click Element">
<arg>${BUTTON_OK_WRONG_PWD}</arg>
<status status="NOT RUN" starttime="20230409 15:06:50.965" endtime="20230409 15:06:50.965"/>
</kw>
<status status="FAIL" starttime="20230409 15:06:50.958" endtime="20230409 15:06:50.965">No keyword with name 'Open Application' found. Did you mean:
    login_page.Open Test Application</status>
</test>
<doc>Page Object in Robot Framework</doc>
<status status="FAIL" starttime="20230409 15:06:50.955" endtime="20230409 15:06:50.966"/>
</suite>
<status status="FAIL" starttime="20230409 15:06:50.931" endtime="20230409 15:06:50.966"/>
</suite>
<statistics>
<total>
<stat pass="0" fail="2" skip="0">All Tests</stat>
</total>
<tag>
</tag>
<suite>
<stat pass="0" fail="2" skip="0" id="s1" name="Test Cases">Test Cases</stat>
<stat pass="0" fail="1" skip="0" id="s1-s1" name="Login Correct Creds">Test Cases.Login Correct Creds</stat>
<stat pass="0" fail="1" skip="0" id="s1-s2" name="Login Incorrect Creds">Test Cases.Login Incorrect Creds</stat>
</suite>
</statistics>
<errors>
<msg timestamp="20230409 15:06:50.945" level="ERROR">Error in file '/home/koinworks/Personal/project/automation-robot-framework/src/test_cases/login_correct_creds.robot' on line 3: Importing library 'AppiumLibrary' failed: ModuleNotFoundError: No module named 'AppiumLibrary'
Traceback (most recent call last):
  None
PYTHONPATH:
  /home/linuxbrew/.linuxbrew/bin
  /home/linuxbrew/.linuxbrew/opt/python@3.11/lib/python311.zip
  /home/linuxbrew/.linuxbrew/opt/python@3.11/lib/python3.11
  /home/linuxbrew/.linuxbrew/opt/python@3.11/lib/python3.11/lib-dynload
  /home/linuxbrew/.linuxbrew/opt/python@3.11/lib/python3.11/site-packages</msg>
<msg timestamp="20230409 15:06:50.948" level="ERROR">Error in file '/home/koinworks/Personal/project/automation-robot-framework/src/resources/page_objects/keyword_definition_files/login_page.robot' on line 2: Importing library 'AppiumLibrary' failed: ModuleNotFoundError: No module named 'AppiumLibrary'
Traceback (most recent call last):
  None
PYTHONPATH:
  /home/linuxbrew/.linuxbrew/bin
  /home/linuxbrew/.linuxbrew/opt/python@3.11/lib/python311.zip
  /home/linuxbrew/.linuxbrew/opt/python@3.11/lib/python3.11
  /home/linuxbrew/.linuxbrew/opt/python@3.11/lib/python3.11/lib-dynload
  /home/linuxbrew/.linuxbrew/opt/python@3.11/lib/python3.11/site-packages</msg>
<msg timestamp="20230409 15:06:50.957" level="ERROR">Error in file '/home/koinworks/Personal/project/automation-robot-framework/src/test_cases/login_incorrect_creds.robot' on line 3: Importing library 'AppiumLibrary' failed: ModuleNotFoundError: No module named 'AppiumLibrary'
Traceback (most recent call last):
  None
PYTHONPATH:
  /home/linuxbrew/.linuxbrew/bin
  /home/linuxbrew/.linuxbrew/opt/python@3.11/lib/python311.zip
  /home/linuxbrew/.linuxbrew/opt/python@3.11/lib/python3.11
  /home/linuxbrew/.linuxbrew/opt/python@3.11/lib/python3.11/lib-dynload
  /home/linuxbrew/.linuxbrew/opt/python@3.11/lib/python3.11/site-packages</msg>
<msg timestamp="20230409 15:06:50.958" level="ERROR">Error in file '/home/koinworks/Personal/project/automation-robot-framework/src/resources/page_objects/keyword_definition_files/login_page.robot' on line 2: Importing library 'AppiumLibrary' failed: ModuleNotFoundError: No module named 'AppiumLibrary'
Traceback (most recent call last):
  None
PYTHONPATH:
  /home/linuxbrew/.linuxbrew/bin
  /home/linuxbrew/.linuxbrew/opt/python@3.11/lib/python311.zip
  /home/linuxbrew/.linuxbrew/opt/python@3.11/lib/python3.11
  /home/linuxbrew/.linuxbrew/opt/python@3.11/lib/python3.11/lib-dynload
  /home/linuxbrew/.linuxbrew/opt/python@3.11/lib/python3.11/site-packages</msg>
</errors>
</robot>
