<?xml version="1.0" encoding="UTF-8"?>
<robot generator="Robot 6.0.2 (Python 3.11.2 on linux)" generated="20230409 15:12:27.049" rpa="false" schemaversion="3">
<suite id="s1" name="Automation-Robot-Framework" source="/home/koinworks/Personal/project/automation-robot-framework">
<suite id="s1-s1" name="Src" source="/home/koinworks/Personal/project/automation-robot-framework/src">
<suite id="s1-s1-s1" name="Test Cases" source="/home/koinworks/Personal/project/automation-robot-framework/src/test_cases">
<suite id="s1-s1-s1-s1" name="Login Correct Creds" source="/home/koinworks/Personal/project/automation-robot-framework/src/test_cases/login_correct_creds.robot">
<test id="s1-s1-s1-s1-t1" name="Verify Successful Login to Facebook Lite" line="11">
<kw name="Open Test Application" library="login_page">
<kw name="Open Application" library="AppiumLibrary">
<arg>${REMOTE_URL}</arg>
<arg>deviceName=${DEVICE_NAME}</arg>
<arg>platformName=${PLATFORM_NAME}</arg>
<arg>appPackage=${PACKAGE_NAME}</arg>
<arg>appActivity=${APP_ACTIVITY}</arg>
<arg>automationName=${ANDROID_AUTOMATION_NAME}</arg>
<arg>app=${APP_LOCATION}</arg>
<doc>Opens a new application to given Appium server.
Capabilities of appium server, Android and iOS,
Please check https://github.com/appium/appium/blob/master/docs/en/writing-running-appium/server-args.md
| *Option*            | *Man.* | *Description*     |
| remote_url          | Yes    | Appium server url |
| alias               | no     | alias             |
| strict_ssl          | No     | allows you to send commands to an invalid certificate host like a self-signed one. |</doc>
<kw name="Capture Page Screenshot" library="AppiumLibrary">
<doc>Takes a screenshot of the current page and embeds it into the log.</doc>
<msg timestamp="20230409 15:12:47.493" level="FAIL">No application is open</msg>
<status status="FAIL" starttime="20230409 15:12:47.493" endtime="20230409 15:12:47.495"/>
</kw>
<msg timestamp="20230409 15:12:47.496" level="WARN">Keyword 'Capture Page Screenshot' could not be run on failure: No application is open</msg>
<msg timestamp="20230409 15:12:47.497" level="FAIL">WebDriverException: Message: An unknown server-side error occurred while processing the command. Original error: Could not find a connected Android device in 20133ms.
Stacktrace:
UnknownError: An unknown server-side error occurred while processing the command. Original error: Could not find a connected Android device in 20133ms.
    at getResponseForW3CError (/home/linuxbrew/.linuxbrew/lib/node_modules/appium/node_modules/appium-base-driver/lib/protocol/errors.js:804:9)
    at asyncHandler (/home/linuxbrew/.linuxbrew/lib/node_modules/appium/node_modules/appium-base-driver/lib/protocol/protocol.js:380:37)</msg>
<status status="FAIL" starttime="20230409 15:12:27.164" endtime="20230409 15:12:47.498"/>
</kw>
<status status="FAIL" starttime="20230409 15:12:27.164" endtime="20230409 15:12:47.498"/>
</kw>
<kw name="Wait Until Element Is Visible" library="AppiumLibrary">
<arg>com.android.permissioncontroller:id/content_container</arg>
<doc>Waits until element specified with `locator` is visible.</doc>
<status status="NOT RUN" starttime="20230409 15:12:47.498" endtime="20230409 15:12:47.499"/>
</kw>
<kw name="Auto Grant" library="login_page">
<status status="NOT RUN" starttime="20230409 15:12:47.499" endtime="20230409 15:12:47.499"/>
</kw>
<kw name="Input Text" library="AppiumLibrary">
<arg>${USERNAME_FIELD}</arg>
<arg>${USERNAME}</arg>
<doc>Types the given `text` into text field identified by `locator`.</doc>
<status status="NOT RUN" starttime="20230409 15:12:47.499" endtime="20230409 15:12:47.499"/>
</kw>
<kw name="Input Text" library="AppiumLibrary">
<arg>${PASSWORD_FIELD}</arg>
<arg>${PASSWORD}</arg>
<doc>Types the given `text` into text field identified by `locator`.</doc>
<status status="NOT RUN" starttime="20230409 15:12:47.500" endtime="20230409 15:12:47.500"/>
</kw>
<kw name="Click Login Button" library="login_page">
<status status="NOT RUN" starttime="20230409 15:12:47.500" endtime="20230409 15:12:47.500"/>
</kw>
<kw name="Save Login Info Page Visible" library="login_page">
<status status="NOT RUN" starttime="20230409 15:12:47.500" endtime="20230409 15:12:47.500"/>
</kw>
<kw name="Sleep" library="BuiltIn">
<arg>5</arg>
<doc>Pauses the test executed for the given time.</doc>
<status status="NOT RUN" starttime="20230409 15:12:47.500" endtime="20230409 15:12:47.501"/>
</kw>
<kw name="Attempt Not Save Login Creds" library="login_page">
<status status="NOT RUN" starttime="20230409 15:12:47.501" endtime="20230409 15:12:47.501"/>
</kw>
<status status="FAIL" starttime="20230409 15:12:27.163" endtime="20230409 15:12:47.501">WebDriverException: Message: An unknown server-side error occurred while processing the command. Original error: Could not find a connected Android device in 20133ms.
Stacktrace:
UnknownError: An unknown server-side error occurred while processing the command. Original error: Could not find a connected Android device in 20133ms.
    at getResponseForW3CError (/home/linuxbrew/.linuxbrew/lib/node_modules/appium/node_modules/appium-base-driver/lib/protocol/errors.js:804:9)
    at asyncHandler (/home/linuxbrew/.linuxbrew/lib/node_modules/appium/node_modules/appium-base-driver/lib/protocol/protocol.js:380:37)</status>
</test>
<doc>Page Object in Robot Framework</doc>
<status status="FAIL" starttime="20230409 15:12:27.073" endtime="20230409 15:12:47.502"/>
</suite>
<status status="FAIL" starttime="20230409 15:12:27.071" endtime="20230409 15:12:47.503"/>
</suite>
<status status="FAIL" starttime="20230409 15:12:27.070" endtime="20230409 15:12:47.504"/>
</suite>
<status status="FAIL" starttime="20230409 15:12:27.060" endtime="20230409 15:12:47.505"/>
</suite>
<statistics>
<total>
<stat pass="0" fail="1" skip="0">All Tests</stat>
</total>
<tag>
</tag>
<suite>
<stat pass="0" fail="1" skip="0" id="s1" name="Automation-Robot-Framework">Automation-Robot-Framework</stat>
<stat pass="0" fail="1" skip="0" id="s1-s1" name="Src">Automation-Robot-Framework.Src</stat>
<stat pass="0" fail="1" skip="0" id="s1-s1-s1" name="Test Cases">Automation-Robot-Framework.Src.Test Cases</stat>
<stat pass="0" fail="1" skip="0" id="s1-s1-s1-s1" name="Login Correct Creds">Automation-Robot-Framework.Src.Test Cases.Login Correct Creds</stat>
</suite>
</statistics>
<errors>
<msg timestamp="20230409 15:12:47.496" level="WARN">Keyword 'Capture Page Screenshot' could not be run on failure: No application is open</msg>
</errors>
</robot>
